<?xml version="1.0" encoding="utf-8"?><testsuites name="pytest tests"><testsuite name="pytest" errors="0" failures="0" skipped="0" tests="7" time="4.399" timestamp="2026-07-06T10:17:48.745936+00:00" hostname="agent-env-565eec1b-20be-4406-8140-0667ed5ab10f"><testcase classname="tests.backend_test" name="test_root" time="0.197" /><testcase classname="tests.backend_test" name="test_newsletter_subscribe_and_duplicate" time="0.236" /><testcase classname="tests.backend_test" name="test_newsletter_malformed_email" time="0.111" /><testcase classname="tests.backend_test" name="test_contact_submit_valid" time="0.101" /><testcase classname="tests.backend_test" name="test_contact_missing_fields" time="0.135" /><testcase classname="tests.backend_test" name="test_chat_stream_empty_message" time="0.095" /><testcase classname="tests.backend_test" name="test_chat_stream_valid_returns_sse" time="2.893" /></testsuite></testsuites>